d:\projects\exampleaiclient-eligibilitytemperaldifference\train\train\debug\vc120.pdb
d:\projects\exampleaiclient-eligibilitytemperaldifference\train\train\debug\vc120.idb
d:\projects\exampleaiclient-eligibilitytemperaldifference\train\train\debug\combatinforepre.nativecodeanalysis.xml
d:\projects\exampleaiclient-eligibilitytemperaldifference\train\train\debug\combatnn.nativecodeanalysis.xml
d:\projects\exampleaiclient-eligibilitytemperaldifference\train\train\debug\combatrl.nativecodeanalysis.xml
d:\projects\exampleaiclient-eligibilitytemperaldifference\train\train\debug\exampleaiclient.nativecodeanalysis.xml
d:\projects\exampleaiclient-eligibilitytemperaldifference\train\train\debug\exampleaiclient.obj
d:\projects\exampleaiclient-eligibilitytemperaldifference\train\train\debug\combatrl.obj
d:\projects\exampleaiclient-eligibilitytemperaldifference\train\train\debug\combatnn.obj
d:\projects\exampleaiclient-eligibilitytemperaldifference\train\train\debug\combatinforepre.obj
d:\projects\exampleaiclient-eligibilitytemperaldifference\train\debug\train.ilk
d:\projects\exampleaiclient-eligibilitytemperaldifference\train\debug\train.exe
d:\projects\exampleaiclient-eligibilitytemperaldifference\train\debug\train.pdb
d:\projects\exampleaiclient-eligibilitytemperaldifference\train\train\debug\nativecodeanalysis.read.1.tlog
d:\projects\exampleaiclient-eligibilitytemperaldifference\train\train\debug\vc.nativecodeanalysis.all.xml
d:\projects\exampleaiclient-eligibilitytemperaldifference\train\debug\train.exe.lastcodeanalysissucceeded
d:\projects\exampleaiclient-eligibilitytemperaldifference\train\train\debug\train.tlog\cl.command.1.tlog
d:\projects\exampleaiclient-eligibilitytemperaldifference\train\train\debug\train.tlog\cl.read.1.tlog
d:\projects\exampleaiclient-eligibilitytemperaldifference\train\train\debug\train.tlog\cl.write.1.tlog
d:\projects\exampleaiclient-eligibilitytemperaldifference\train\train\debug\train.tlog\link.command.1.tlog
d:\projects\exampleaiclient-eligibilitytemperaldifference\train\train\debug\train.tlog\link.read.1.tlog
d:\projects\exampleaiclient-eligibilitytemperaldifference\train\train\debug\train.tlog\link.write.1.tlog
